17:52:50 INFO  : Registering command handlers for SDK TCF services
17:52:51 INFO  : Launching XSCT server: xsct.bat -interactive D:\ZLab2021\lab14OLED\SPIRxTx.sdk\temp_xsdb_launch_script.tcl
17:52:54 INFO  : XSCT server has started successfully.
17:52:55 INFO  : Successfully done setting XSCT server connection channel  
17:52:55 INFO  : Successfully done setting SDK workspace  
17:52:55 INFO  : Processing command line option -hwspec D:/ZLab2021/lab14OLED/SPIRxTx.sdk/system_wrapper.hdf.
17:54:32 INFO  : Refreshed build settings on project dd
17:54:55 INFO  : Successfully generated D:\ZLab2021\lab14OLED\SPIRxTx.sdk\dd\src\lscript.ld.
17:54:55 INFO  : Applying linker script to all configurations of project dd.
17:54:55 INFO  : Setting rebuild state to true for all configurations of project dd.
17:55:03 INFO  : Successfully generated D:\ZLab2021\lab14OLED\SPIRxTx.sdk\dd\src\lscript.ld.
17:55:03 INFO  : Applying linker script to all configurations of project dd.
17:55:03 INFO  : Setting rebuild state to true for all configurations of project dd.
17:56:02 INFO  : Successfully generated D:\ZLab2021\lab14OLED\SPIRxTx.sdk\dd\src\lscript.ld.
17:56:02 INFO  : Applying linker script to all configurations of project dd.
17:56:02 INFO  : Setting rebuild state to true for all configurations of project dd.
17:56:33 INFO  : 'targets -set -filter {jtag_cable_name =~ "Digilent Zed 210248783271" && level==0} -index 1' command is executed.
17:56:33 INFO  : 'fpga -state' command is executed.
17:56:33 INFO  : Connected to target on host '127.0.0.1' and port '3121'.
17:56:34 INFO  : Jtag cable 'Digilent Zed 210248783271' is selected.
17:56:34 INFO  : 'jtag frequency' command is executed.
17:56:34 INFO  : Sourcing of 'D:/ZLab2021/lab14OLED/SPIRxTx.sdk/system_wrapper_hw_platform_0/ps7_init.tcl' is done.
17:56:34 INFO  : Context for 'APU' is selected.
17:56:34 INFO  : Hardware design information is loaded from 'D:/ZLab2021/lab14OLED/SPIRxTx.sdk/system_wrapper_hw_platform_0/system.hdf'.
17:56:34 INFO  : 'configparams force-mem-access 1' command is executed.
17:56:34 INFO  : Context for 'APU' is selected.
17:56:34 INFO  : 'stop' command is executed.
17:56:34 INFO  : 'ps7_init' command is executed.
17:56:34 INFO  : 'ps7_post_config' command is executed.
17:56:34 INFO  : Context for processor 'ps7_cortexa9_0' is selected.
17:56:34 INFO  : Processor reset is completed for 'ps7_cortexa9_0'.
17:56:34 INFO  : Context for processor 'ps7_cortexa9_0' is selected.
17:56:35 INFO  : The application 'D:/ZLab2021/lab14OLED/SPIRxTx.sdk/dd/Debug/dd.elf' is downloaded to processor 'ps7_cortexa9_0'.
17:56:35 INFO  : 'configparams force-mem-access 0' command is executed.
17:56:35 INFO  : ----------------XSDB Script----------------
connect -url tcp:127.0.0.1:3121
source D:/ZLab2021/lab14OLED/SPIRxTx.sdk/system_wrapper_hw_platform_0/ps7_init.tcl
targets -set -nocase -filter {name =~"APU*" && jtag_cable_name =~ "Digilent Zed 210248783271"} -index 0
loadhw -hw D:/ZLab2021/lab14OLED/SPIRxTx.sdk/system_wrapper_hw_platform_0/system.hdf -mem-ranges [list {0x40000000 0xbfffffff}]
configparams force-mem-access 1
targets -set -nocase -filter {name =~"APU*" && jtag_cable_name =~ "Digilent Zed 210248783271"} -index 0
stop
ps7_init
ps7_post_config
targets -set -nocase -filter {name =~ "ARM*#0" && jtag_cable_name =~ "Digilent Zed 210248783271"} -index 0
rst -processor
targets -set -nocase -filter {name =~ "ARM*#0" && jtag_cable_name =~ "Digilent Zed 210248783271"} -index 0
dow D:/ZLab2021/lab14OLED/SPIRxTx.sdk/dd/Debug/dd.elf
configparams force-mem-access 0
----------------End of Script----------------

17:56:35 INFO  : Context for processor 'ps7_cortexa9_0' is selected.
17:56:35 INFO  : 'con' command is executed.
17:56:35 INFO  : ----------------XSDB Script (After Launch)----------------
targets -set -nocase -filter {name =~ "ARM*#0" && jtag_cable_name =~ "Digilent Zed 210248783271"} -index 0
con
----------------End of Script----------------

17:56:35 INFO  : Disconnected from the channel tcfchan#1.
17:57:02 INFO  : 'targets -set -filter {jtag_cable_name =~ "Digilent Zed 210248783271" && level==0} -index 1' command is executed.
17:57:02 INFO  : 'fpga -state' command is executed.
17:57:02 INFO  : Connected to target on host '127.0.0.1' and port '3121'.
17:57:02 INFO  : Jtag cable 'Digilent Zed 210248783271' is selected.
17:57:02 INFO  : 'jtag frequency' command is executed.
17:57:02 INFO  : Sourcing of 'D:/ZLab2021/lab14OLED/SPIRxTx.sdk/system_wrapper_hw_platform_0/ps7_init.tcl' is done.
17:57:02 INFO  : Context for 'APU' is selected.
17:57:02 INFO  : Hardware design information is loaded from 'D:/ZLab2021/lab14OLED/SPIRxTx.sdk/system_wrapper_hw_platform_0/system.hdf'.
17:57:02 INFO  : 'configparams force-mem-access 1' command is executed.
17:57:02 INFO  : Context for 'APU' is selected.
17:57:02 INFO  : 'stop' command is executed.
17:57:03 INFO  : 'ps7_init' command is executed.
17:57:03 INFO  : 'ps7_post_config' command is executed.
17:57:03 INFO  : Context for processor 'ps7_cortexa9_0' is selected.
17:57:03 INFO  : Processor reset is completed for 'ps7_cortexa9_0'.
17:57:03 INFO  : Context for processor 'ps7_cortexa9_0' is selected.
17:57:03 INFO  : The application 'D:/ZLab2021/lab14OLED/SPIRxTx.sdk/dd/Debug/dd.elf' is downloaded to processor 'ps7_cortexa9_0'.
17:57:03 INFO  : 'configparams force-mem-access 0' command is executed.
17:57:03 INFO  : ----------------XSDB Script----------------
connect -url tcp:127.0.0.1:3121
source D:/ZLab2021/lab14OLED/SPIRxTx.sdk/system_wrapper_hw_platform_0/ps7_init.tcl
targets -set -nocase -filter {name =~"APU*" && jtag_cable_name =~ "Digilent Zed 210248783271"} -index 0
loadhw -hw D:/ZLab2021/lab14OLED/SPIRxTx.sdk/system_wrapper_hw_platform_0/system.hdf -mem-ranges [list {0x40000000 0xbfffffff}]
configparams force-mem-access 1
targets -set -nocase -filter {name =~"APU*" && jtag_cable_name =~ "Digilent Zed 210248783271"} -index 0
stop
ps7_init
ps7_post_config
targets -set -nocase -filter {name =~ "ARM*#0" && jtag_cable_name =~ "Digilent Zed 210248783271"} -index 0
rst -processor
targets -set -nocase -filter {name =~ "ARM*#0" && jtag_cable_name =~ "Digilent Zed 210248783271"} -index 0
dow D:/ZLab2021/lab14OLED/SPIRxTx.sdk/dd/Debug/dd.elf
configparams force-mem-access 0
----------------End of Script----------------

17:57:03 INFO  : Context for processor 'ps7_cortexa9_0' is selected.
17:57:03 INFO  : 'con' command is executed.
17:57:03 INFO  : ----------------XSDB Script (After Launch)----------------
targets -set -nocase -filter {name =~ "ARM*#0" && jtag_cable_name =~ "Digilent Zed 210248783271"} -index 0
con
----------------End of Script----------------

17:57:03 INFO  : Disconnected from the channel tcfchan#2.
17:57:41 INFO  : 'targets -set -filter {jtag_cable_name =~ "Digilent Zed 210248783271" && level==0} -index 1' command is executed.
17:57:41 INFO  : 'fpga -state' command is executed.
17:57:41 INFO  : Connected to target on host '127.0.0.1' and port '3121'.
17:57:41 INFO  : Jtag cable 'Digilent Zed 210248783271' is selected.
17:57:41 INFO  : 'jtag frequency' command is executed.
17:57:41 INFO  : Sourcing of 'D:/ZLab2021/lab14OLED/SPIRxTx.sdk/system_wrapper_hw_platform_0/ps7_init.tcl' is done.
17:57:41 INFO  : Context for 'APU' is selected.
17:57:41 INFO  : Hardware design information is loaded from 'D:/ZLab2021/lab14OLED/SPIRxTx.sdk/system_wrapper_hw_platform_0/system.hdf'.
17:57:41 INFO  : 'configparams force-mem-access 1' command is executed.
17:57:41 INFO  : Context for 'APU' is selected.
17:57:41 INFO  : 'stop' command is executed.
17:57:42 INFO  : 'ps7_init' command is executed.
17:57:42 INFO  : 'ps7_post_config' command is executed.
17:57:42 INFO  : Context for processor 'ps7_cortexa9_0' is selected.
17:57:42 INFO  : Processor reset is completed for 'ps7_cortexa9_0'.
17:57:42 INFO  : Context for processor 'ps7_cortexa9_0' is selected.
17:57:42 INFO  : The application 'D:/ZLab2021/lab14OLED/SPIRxTx.sdk/dd/Debug/dd.elf' is downloaded to processor 'ps7_cortexa9_0'.
17:57:42 INFO  : 'configparams force-mem-access 0' command is executed.
17:57:42 INFO  : ----------------XSDB Script----------------
connect -url tcp:127.0.0.1:3121
source D:/ZLab2021/lab14OLED/SPIRxTx.sdk/system_wrapper_hw_platform_0/ps7_init.tcl
targets -set -nocase -filter {name =~"APU*" && jtag_cable_name =~ "Digilent Zed 210248783271"} -index 0
loadhw -hw D:/ZLab2021/lab14OLED/SPIRxTx.sdk/system_wrapper_hw_platform_0/system.hdf -mem-ranges [list {0x40000000 0xbfffffff}]
configparams force-mem-access 1
targets -set -nocase -filter {name =~"APU*" && jtag_cable_name =~ "Digilent Zed 210248783271"} -index 0
stop
ps7_init
ps7_post_config
targets -set -nocase -filter {name =~ "ARM*#0" && jtag_cable_name =~ "Digilent Zed 210248783271"} -index 0
rst -processor
targets -set -nocase -filter {name =~ "ARM*#0" && jtag_cable_name =~ "Digilent Zed 210248783271"} -index 0
dow D:/ZLab2021/lab14OLED/SPIRxTx.sdk/dd/Debug/dd.elf
configparams force-mem-access 0
----------------End of Script----------------

17:57:42 INFO  : Context for processor 'ps7_cortexa9_0' is selected.
17:57:42 INFO  : 'con' command is executed.
17:57:42 INFO  : ----------------XSDB Script (After Launch)----------------
targets -set -nocase -filter {name =~ "ARM*#0" && jtag_cable_name =~ "Digilent Zed 210248783271"} -index 0
con
----------------End of Script----------------

17:57:42 INFO  : Disconnected from the channel tcfchan#3.
22:25:59 INFO  : Registering command handlers for SDK TCF services
22:26:01 INFO  : Launching XSCT server: xsct.bat -interactive G:\ZLab2021\ZLab2021\lab14OLED\SPIRxTx.sdk\temp_xsdb_launch_script.tcl
22:26:05 INFO  : XSCT server has started successfully.
22:26:05 INFO  : Successfully done setting XSCT server connection channel  
22:26:09 INFO  : Successfully done setting SDK workspace  
22:26:09 INFO  : Processing command line option -hwspec G:/ZLab2021/ZLab2021/lab14OLED/SPIRxTx.sdk/system_wrapper.hdf.
22:34:39 INFO  : 'targets -set -filter {jtag_cable_name =~ "Digilent Zed 210248783271" && level==0} -index 1' command is executed.
22:34:39 INFO  : 'fpga -state' command is executed.
22:34:39 INFO  : Connected to target on host '127.0.0.1' and port '3121'.
22:34:39 INFO  : Jtag cable 'Digilent Zed 210248783271' is selected.
22:34:39 INFO  : 'jtag frequency' command is executed.
22:34:39 INFO  : Sourcing of 'G:/ZLab2021/ZLab2021/lab14OLED/SPIRxTx.sdk/system_wrapper_hw_platform_0/ps7_init.tcl' is done.
22:34:39 INFO  : Context for 'APU' is selected.
22:34:39 INFO  : Hardware design information is loaded from 'G:/ZLab2021/ZLab2021/lab14OLED/SPIRxTx.sdk/system_wrapper_hw_platform_0/system.hdf'.
22:34:39 INFO  : 'configparams force-mem-access 1' command is executed.
22:34:39 INFO  : Context for 'APU' is selected.
22:34:39 INFO  : 'stop' command is executed.
22:34:40 INFO  : 'ps7_init' command is executed.
22:34:40 INFO  : 'ps7_post_config' command is executed.
22:34:40 INFO  : Context for processor 'ps7_cortexa9_0' is selected.
22:34:40 INFO  : Processor reset is completed for 'ps7_cortexa9_0'.
22:34:40 INFO  : Context for processor 'ps7_cortexa9_0' is selected.
22:34:40 INFO  : The application 'G:/ZLab2021/ZLab2021/lab14OLED/SPIRxTx.sdk/dd/Debug/dd.elf' is downloaded to processor 'ps7_cortexa9_0'.
22:34:40 INFO  : 'configparams force-mem-access 0' command is executed.
22:34:40 INFO  : ----------------XSDB Script----------------
connect -url tcp:127.0.0.1:3121
source G:/ZLab2021/ZLab2021/lab14OLED/SPIRxTx.sdk/system_wrapper_hw_platform_0/ps7_init.tcl
targets -set -nocase -filter {name =~"APU*" && jtag_cable_name =~ "Digilent Zed 210248783271"} -index 0
loadhw -hw G:/ZLab2021/ZLab2021/lab14OLED/SPIRxTx.sdk/system_wrapper_hw_platform_0/system.hdf -mem-ranges [list {0x40000000 0xbfffffff}]
configparams force-mem-access 1
targets -set -nocase -filter {name =~"APU*" && jtag_cable_name =~ "Digilent Zed 210248783271"} -index 0
stop
ps7_init
ps7_post_config
targets -set -nocase -filter {name =~ "ARM*#0" && jtag_cable_name =~ "Digilent Zed 210248783271"} -index 0
rst -processor
targets -set -nocase -filter {name =~ "ARM*#0" && jtag_cable_name =~ "Digilent Zed 210248783271"} -index 0
dow G:/ZLab2021/ZLab2021/lab14OLED/SPIRxTx.sdk/dd/Debug/dd.elf
configparams force-mem-access 0
----------------End of Script----------------

22:34:40 INFO  : Context for processor 'ps7_cortexa9_0' is selected.
22:34:40 INFO  : 'con' command is executed.
22:34:40 INFO  : ----------------XSDB Script (After Launch)----------------
targets -set -nocase -filter {name =~ "ARM*#0" && jtag_cable_name =~ "Digilent Zed 210248783271"} -index 0
con
----------------End of Script----------------

22:34:40 INFO  : Disconnected from the channel tcfchan#1.
22:35:00 INFO  : 'targets -set -filter {jtag_cable_name =~ "Digilent Zed 210248783271" && level==0} -index 1' command is executed.
22:35:00 INFO  : 'fpga -state' command is executed.
22:35:00 INFO  : Connected to target on host '127.0.0.1' and port '3121'.
22:35:00 INFO  : Jtag cable 'Digilent Zed 210248783271' is selected.
22:35:00 INFO  : 'jtag frequency' command is executed.
22:35:00 INFO  : Sourcing of 'G:/ZLab2021/ZLab2021/lab14OLED/SPIRxTx.sdk/system_wrapper_hw_platform_0/ps7_init.tcl' is done.
22:35:00 INFO  : Context for 'APU' is selected.
22:35:00 INFO  : Hardware design information is loaded from 'G:/ZLab2021/ZLab2021/lab14OLED/SPIRxTx.sdk/system_wrapper_hw_platform_0/system.hdf'.
22:35:00 INFO  : 'configparams force-mem-access 1' command is executed.
22:35:00 INFO  : Context for 'APU' is selected.
22:35:00 INFO  : 'stop' command is executed.
22:35:01 INFO  : 'ps7_init' command is executed.
22:35:01 INFO  : 'ps7_post_config' command is executed.
22:35:01 INFO  : Context for processor 'ps7_cortexa9_0' is selected.
22:35:01 INFO  : Processor reset is completed for 'ps7_cortexa9_0'.
22:35:01 INFO  : Context for processor 'ps7_cortexa9_0' is selected.
22:35:01 INFO  : The application 'G:/ZLab2021/ZLab2021/lab14OLED/SPIRxTx.sdk/dd/Debug/dd.elf' is downloaded to processor 'ps7_cortexa9_0'.
22:35:01 INFO  : 'configparams force-mem-access 0' command is executed.
22:35:01 INFO  : ----------------XSDB Script----------------
connect -url tcp:127.0.0.1:3121
source G:/ZLab2021/ZLab2021/lab14OLED/SPIRxTx.sdk/system_wrapper_hw_platform_0/ps7_init.tcl
targets -set -nocase -filter {name =~"APU*" && jtag_cable_name =~ "Digilent Zed 210248783271"} -index 0
loadhw -hw G:/ZLab2021/ZLab2021/lab14OLED/SPIRxTx.sdk/system_wrapper_hw_platform_0/system.hdf -mem-ranges [list {0x40000000 0xbfffffff}]
configparams force-mem-access 1
targets -set -nocase -filter {name =~"APU*" && jtag_cable_name =~ "Digilent Zed 210248783271"} -index 0
stop
ps7_init
ps7_post_config
targets -set -nocase -filter {name =~ "ARM*#0" && jtag_cable_name =~ "Digilent Zed 210248783271"} -index 0
rst -processor
targets -set -nocase -filter {name =~ "ARM*#0" && jtag_cable_name =~ "Digilent Zed 210248783271"} -index 0
dow G:/ZLab2021/ZLab2021/lab14OLED/SPIRxTx.sdk/dd/Debug/dd.elf
configparams force-mem-access 0
----------------End of Script----------------

22:35:01 INFO  : Context for processor 'ps7_cortexa9_0' is selected.
22:35:01 INFO  : 'con' command is executed.
22:35:01 INFO  : ----------------XSDB Script (After Launch)----------------
targets -set -nocase -filter {name =~ "ARM*#0" && jtag_cable_name =~ "Digilent Zed 210248783271"} -index 0
con
----------------End of Script----------------

22:35:01 INFO  : Disconnected from the channel tcfchan#2.
22:35:36 INFO  : 'targets -set -filter {jtag_cable_name =~ "Digilent Zed 210248783271" && level==0} -index 1' command is executed.
22:35:36 INFO  : 'fpga -state' command is executed.
22:35:36 INFO  : Connected to target on host '127.0.0.1' and port '3121'.
22:35:36 INFO  : Jtag cable 'Digilent Zed 210248783271' is selected.
22:35:36 INFO  : 'jtag frequency' command is executed.
22:35:36 INFO  : Sourcing of 'G:/ZLab2021/ZLab2021/lab14OLED/SPIRxTx.sdk/system_wrapper_hw_platform_0/ps7_init.tcl' is done.
22:35:36 INFO  : Context for 'APU' is selected.
22:35:36 INFO  : Hardware design information is loaded from 'G:/ZLab2021/ZLab2021/lab14OLED/SPIRxTx.sdk/system_wrapper_hw_platform_0/system.hdf'.
22:35:36 INFO  : 'configparams force-mem-access 1' command is executed.
22:35:36 INFO  : Context for 'APU' is selected.
22:35:37 INFO  : 'stop' command is executed.
22:35:37 INFO  : 'ps7_init' command is executed.
22:35:37 INFO  : 'ps7_post_config' command is executed.
22:35:37 INFO  : Context for processor 'ps7_cortexa9_0' is selected.
22:35:37 INFO  : Processor reset is completed for 'ps7_cortexa9_0'.
22:35:37 INFO  : Context for processor 'ps7_cortexa9_0' is selected.
22:35:37 INFO  : The application 'G:/ZLab2021/ZLab2021/lab14OLED/SPIRxTx.sdk/dd/Debug/dd.elf' is downloaded to processor 'ps7_cortexa9_0'.
22:35:37 INFO  : 'configparams force-mem-access 0' command is executed.
22:35:37 INFO  : ----------------XSDB Script----------------
connect -url tcp:127.0.0.1:3121
source G:/ZLab2021/ZLab2021/lab14OLED/SPIRxTx.sdk/system_wrapper_hw_platform_0/ps7_init.tcl
targets -set -nocase -filter {name =~"APU*" && jtag_cable_name =~ "Digilent Zed 210248783271"} -index 0
loadhw -hw G:/ZLab2021/ZLab2021/lab14OLED/SPIRxTx.sdk/system_wrapper_hw_platform_0/system.hdf -mem-ranges [list {0x40000000 0xbfffffff}]
configparams force-mem-access 1
targets -set -nocase -filter {name =~"APU*" && jtag_cable_name =~ "Digilent Zed 210248783271"} -index 0
stop
ps7_init
ps7_post_config
targets -set -nocase -filter {name =~ "ARM*#0" && jtag_cable_name =~ "Digilent Zed 210248783271"} -index 0
rst -processor
targets -set -nocase -filter {name =~ "ARM*#0" && jtag_cable_name =~ "Digilent Zed 210248783271"} -index 0
dow G:/ZLab2021/ZLab2021/lab14OLED/SPIRxTx.sdk/dd/Debug/dd.elf
configparams force-mem-access 0
----------------End of Script----------------

22:35:37 INFO  : Context for processor 'ps7_cortexa9_0' is selected.
22:35:37 INFO  : 'con' command is executed.
22:35:37 INFO  : ----------------XSDB Script (After Launch)----------------
targets -set -nocase -filter {name =~ "ARM*#0" && jtag_cable_name =~ "Digilent Zed 210248783271"} -index 0
con
----------------End of Script----------------

22:35:37 INFO  : Disconnected from the channel tcfchan#3.
22:48:15 INFO  : 'targets -set -filter {jtag_cable_name =~ "Digilent Zed 210248783271" && level==0} -index 1' command is executed.
22:48:15 INFO  : 'fpga -state' command is executed.
22:48:15 INFO  : Connected to target on host '127.0.0.1' and port '3121'.
22:48:15 INFO  : Jtag cable 'Digilent Zed 210248783271' is selected.
22:48:15 INFO  : 'jtag frequency' command is executed.
22:48:15 INFO  : Sourcing of 'G:/ZLab2021/ZLab2021/lab14OLED/SPIRxTx.sdk/system_wrapper_hw_platform_0/ps7_init.tcl' is done.
22:48:15 INFO  : Context for 'APU' is selected.
22:48:15 INFO  : Hardware design information is loaded from 'G:/ZLab2021/ZLab2021/lab14OLED/SPIRxTx.sdk/system_wrapper_hw_platform_0/system.hdf'.
22:48:15 INFO  : 'configparams force-mem-access 1' command is executed.
22:48:15 INFO  : Context for 'APU' is selected.
22:48:15 INFO  : 'stop' command is executed.
22:48:15 INFO  : 'ps7_init' command is executed.
22:48:15 INFO  : 'ps7_post_config' command is executed.
22:48:15 INFO  : Context for processor 'ps7_cortexa9_0' is selected.
22:48:15 INFO  : Processor reset is completed for 'ps7_cortexa9_0'.
22:48:15 INFO  : Context for processor 'ps7_cortexa9_0' is selected.
22:48:16 INFO  : The application 'G:/ZLab2021/ZLab2021/lab14OLED/SPIRxTx.sdk/dd/Debug/dd.elf' is downloaded to processor 'ps7_cortexa9_0'.
22:48:16 INFO  : 'configparams force-mem-access 0' command is executed.
22:48:16 INFO  : ----------------XSDB Script----------------
connect -url tcp:127.0.0.1:3121
source G:/ZLab2021/ZLab2021/lab14OLED/SPIRxTx.sdk/system_wrapper_hw_platform_0/ps7_init.tcl
targets -set -nocase -filter {name =~"APU*" && jtag_cable_name =~ "Digilent Zed 210248783271"} -index 0
loadhw -hw G:/ZLab2021/ZLab2021/lab14OLED/SPIRxTx.sdk/system_wrapper_hw_platform_0/system.hdf -mem-ranges [list {0x40000000 0xbfffffff}]
configparams force-mem-access 1
targets -set -nocase -filter {name =~"APU*" && jtag_cable_name =~ "Digilent Zed 210248783271"} -index 0
stop
ps7_init
ps7_post_config
targets -set -nocase -filter {name =~ "ARM*#0" && jtag_cable_name =~ "Digilent Zed 210248783271"} -index 0
rst -processor
targets -set -nocase -filter {name =~ "ARM*#0" && jtag_cable_name =~ "Digilent Zed 210248783271"} -index 0
dow G:/ZLab2021/ZLab2021/lab14OLED/SPIRxTx.sdk/dd/Debug/dd.elf
configparams force-mem-access 0
----------------End of Script----------------

22:49:03 INFO  : Disconnected from the channel tcfchan#4.
22:49:04 INFO  : 'targets -set -filter {jtag_cable_name =~ "Digilent Zed 210248783271" && level==0} -index 1' command is executed.
22:49:04 INFO  : 'fpga -state' command is executed.
22:49:04 INFO  : Connected to target on host '127.0.0.1' and port '3121'.
22:49:05 INFO  : Jtag cable 'Digilent Zed 210248783271' is selected.
22:49:05 INFO  : 'jtag frequency' command is executed.
22:49:05 INFO  : Sourcing of 'G:/ZLab2021/ZLab2021/lab14OLED/SPIRxTx.sdk/system_wrapper_hw_platform_0/ps7_init.tcl' is done.
22:49:05 INFO  : Context for 'APU' is selected.
22:49:05 INFO  : Hardware design information is loaded from 'G:/ZLab2021/ZLab2021/lab14OLED/SPIRxTx.sdk/system_wrapper_hw_platform_0/system.hdf'.
22:49:05 INFO  : 'configparams force-mem-access 1' command is executed.
22:49:05 INFO  : Context for 'APU' is selected.
22:49:05 INFO  : 'stop' command is executed.
22:49:05 INFO  : 'ps7_init' command is executed.
22:49:05 INFO  : 'ps7_post_config' command is executed.
22:49:05 INFO  : Context for processor 'ps7_cortexa9_0' is selected.
22:49:05 INFO  : Processor reset is completed for 'ps7_cortexa9_0'.
22:49:05 INFO  : Context for processor 'ps7_cortexa9_0' is selected.
22:49:05 INFO  : The application 'G:/ZLab2021/ZLab2021/lab14OLED/SPIRxTx.sdk/dd/Debug/dd.elf' is downloaded to processor 'ps7_cortexa9_0'.
22:49:05 INFO  : 'configparams force-mem-access 0' command is executed.
22:49:05 INFO  : ----------------XSDB Script----------------
connect -url tcp:127.0.0.1:3121
source G:/ZLab2021/ZLab2021/lab14OLED/SPIRxTx.sdk/system_wrapper_hw_platform_0/ps7_init.tcl
targets -set -nocase -filter {name =~"APU*" && jtag_cable_name =~ "Digilent Zed 210248783271"} -index 0
loadhw -hw G:/ZLab2021/ZLab2021/lab14OLED/SPIRxTx.sdk/system_wrapper_hw_platform_0/system.hdf -mem-ranges [list {0x40000000 0xbfffffff}]
configparams force-mem-access 1
targets -set -nocase -filter {name =~"APU*" && jtag_cable_name =~ "Digilent Zed 210248783271"} -index 0
stop
ps7_init
ps7_post_config
targets -set -nocase -filter {name =~ "ARM*#0" && jtag_cable_name =~ "Digilent Zed 210248783271"} -index 0
rst -processor
targets -set -nocase -filter {name =~ "ARM*#0" && jtag_cable_name =~ "Digilent Zed 210248783271"} -index 0
dow G:/ZLab2021/ZLab2021/lab14OLED/SPIRxTx.sdk/dd/Debug/dd.elf
configparams force-mem-access 0
----------------End of Script----------------

22:49:05 INFO  : Context for processor 'ps7_cortexa9_0' is selected.
22:49:05 INFO  : 'con' command is executed.
22:49:05 INFO  : ----------------XSDB Script (After Launch)----------------
targets -set -nocase -filter {name =~ "ARM*#0" && jtag_cable_name =~ "Digilent Zed 210248783271"} -index 0
con
----------------End of Script----------------

22:49:05 INFO  : Disconnected from the channel tcfchan#5.
22:49:30 INFO  : 'targets -set -filter {jtag_cable_name =~ "Digilent Zed 210248783271" && level==0} -index 1' command is executed.
22:49:30 INFO  : 'fpga -state' command is executed.
22:49:30 INFO  : Connected to target on host '127.0.0.1' and port '3121'.
22:49:30 INFO  : Jtag cable 'Digilent Zed 210248783271' is selected.
22:49:30 INFO  : 'jtag frequency' command is executed.
22:49:30 INFO  : Sourcing of 'G:/ZLab2021/ZLab2021/lab14OLED/SPIRxTx.sdk/system_wrapper_hw_platform_0/ps7_init.tcl' is done.
22:49:30 INFO  : Context for 'APU' is selected.
22:49:30 INFO  : Hardware design information is loaded from 'G:/ZLab2021/ZLab2021/lab14OLED/SPIRxTx.sdk/system_wrapper_hw_platform_0/system.hdf'.
22:49:30 INFO  : 'configparams force-mem-access 1' command is executed.
22:49:30 INFO  : Context for 'APU' is selected.
22:49:30 INFO  : 'stop' command is executed.
22:49:30 INFO  : 'ps7_init' command is executed.
22:49:30 INFO  : 'ps7_post_config' command is executed.
22:49:30 INFO  : Context for processor 'ps7_cortexa9_0' is selected.
22:49:30 INFO  : Processor reset is completed for 'ps7_cortexa9_0'.
22:49:30 INFO  : Context for processor 'ps7_cortexa9_0' is selected.
22:49:30 INFO  : The application 'G:/ZLab2021/ZLab2021/lab14OLED/SPIRxTx.sdk/dd/Debug/dd.elf' is downloaded to processor 'ps7_cortexa9_0'.
22:49:30 INFO  : 'configparams force-mem-access 0' command is executed.
22:49:30 INFO  : ----------------XSDB Script----------------
connect -url tcp:127.0.0.1:3121
source G:/ZLab2021/ZLab2021/lab14OLED/SPIRxTx.sdk/system_wrapper_hw_platform_0/ps7_init.tcl
targets -set -nocase -filter {name =~"APU*" && jtag_cable_name =~ "Digilent Zed 210248783271"} -index 0
loadhw -hw G:/ZLab2021/ZLab2021/lab14OLED/SPIRxTx.sdk/system_wrapper_hw_platform_0/system.hdf -mem-ranges [list {0x40000000 0xbfffffff}]
configparams force-mem-access 1
targets -set -nocase -filter {name =~"APU*" && jtag_cable_name =~ "Digilent Zed 210248783271"} -index 0
stop
ps7_init
ps7_post_config
targets -set -nocase -filter {name =~ "ARM*#0" && jtag_cable_name =~ "Digilent Zed 210248783271"} -index 0
rst -processor
targets -set -nocase -filter {name =~ "ARM*#0" && jtag_cable_name =~ "Digilent Zed 210248783271"} -index 0
dow G:/ZLab2021/ZLab2021/lab14OLED/SPIRxTx.sdk/dd/Debug/dd.elf
configparams force-mem-access 0
----------------End of Script----------------

22:49:30 INFO  : Context for processor 'ps7_cortexa9_0' is selected.
22:49:30 INFO  : 'con' command is executed.
22:49:30 INFO  : ----------------XSDB Script (After Launch)----------------
targets -set -nocase -filter {name =~ "ARM*#0" && jtag_cable_name =~ "Digilent Zed 210248783271"} -index 0
con
----------------End of Script----------------

22:49:30 INFO  : Disconnected from the channel tcfchan#6.
22:50:47 INFO  : 'targets -set -filter {jtag_cable_name =~ "Digilent Zed 210248783271" && level==0} -index 1' command is executed.
22:50:47 INFO  : 'fpga -state' command is executed.
22:50:47 INFO  : Connected to target on host '127.0.0.1' and port '3121'.
22:50:47 INFO  : Jtag cable 'Digilent Zed 210248783271' is selected.
22:50:47 INFO  : 'jtag frequency' command is executed.
22:50:47 INFO  : Sourcing of 'G:/ZLab2021/ZLab2021/lab14OLED/SPIRxTx.sdk/system_wrapper_hw_platform_0/ps7_init.tcl' is done.
22:50:47 INFO  : Context for 'APU' is selected.
22:50:47 INFO  : Hardware design information is loaded from 'G:/ZLab2021/ZLab2021/lab14OLED/SPIRxTx.sdk/system_wrapper_hw_platform_0/system.hdf'.
22:50:47 INFO  : 'configparams force-mem-access 1' command is executed.
22:50:47 INFO  : Context for 'APU' is selected.
22:50:47 INFO  : 'stop' command is executed.
22:50:47 INFO  : 'ps7_init' command is executed.
22:50:47 INFO  : 'ps7_post_config' command is executed.
22:50:47 INFO  : Context for processor 'ps7_cortexa9_0' is selected.
22:50:48 INFO  : Processor reset is completed for 'ps7_cortexa9_0'.
22:50:48 INFO  : Context for processor 'ps7_cortexa9_0' is selected.
22:50:48 INFO  : The application 'G:/ZLab2021/ZLab2021/lab14OLED/SPIRxTx.sdk/dd/Debug/dd.elf' is downloaded to processor 'ps7_cortexa9_0'.
22:50:48 INFO  : 'configparams force-mem-access 0' command is executed.
22:50:48 INFO  : ----------------XSDB Script----------------
connect -url tcp:127.0.0.1:3121
source G:/ZLab2021/ZLab2021/lab14OLED/SPIRxTx.sdk/system_wrapper_hw_platform_0/ps7_init.tcl
targets -set -nocase -filter {name =~"APU*" && jtag_cable_name =~ "Digilent Zed 210248783271"} -index 0
loadhw -hw G:/ZLab2021/ZLab2021/lab14OLED/SPIRxTx.sdk/system_wrapper_hw_platform_0/system.hdf -mem-ranges [list {0x40000000 0xbfffffff}]
configparams force-mem-access 1
targets -set -nocase -filter {name =~"APU*" && jtag_cable_name =~ "Digilent Zed 210248783271"} -index 0
stop
ps7_init
ps7_post_config
targets -set -nocase -filter {name =~ "ARM*#0" && jtag_cable_name =~ "Digilent Zed 210248783271"} -index 0
rst -processor
targets -set -nocase -filter {name =~ "ARM*#0" && jtag_cable_name =~ "Digilent Zed 210248783271"} -index 0
dow G:/ZLab2021/ZLab2021/lab14OLED/SPIRxTx.sdk/dd/Debug/dd.elf
configparams force-mem-access 0
----------------End of Script----------------

22:50:48 INFO  : Context for processor 'ps7_cortexa9_0' is selected.
22:50:48 INFO  : 'con' command is executed.
22:50:48 INFO  : ----------------XSDB Script (After Launch)----------------
targets -set -nocase -filter {name =~ "ARM*#0" && jtag_cable_name =~ "Digilent Zed 210248783271"} -index 0
con
----------------End of Script----------------

22:50:48 INFO  : Disconnected from the channel tcfchan#7.
22:52:00 INFO  : 'targets -set -filter {jtag_cable_name =~ "Digilent Zed 210248783271" && level==0} -index 1' command is executed.
22:52:00 INFO  : 'fpga -state' command is executed.
22:52:00 INFO  : Connected to target on host '127.0.0.1' and port '3121'.
22:52:00 INFO  : Jtag cable 'Digilent Zed 210248783271' is selected.
22:52:00 INFO  : 'jtag frequency' command is executed.
22:52:00 INFO  : Sourcing of 'G:/ZLab2021/ZLab2021/lab14OLED/SPIRxTx.sdk/system_wrapper_hw_platform_0/ps7_init.tcl' is done.
22:52:00 INFO  : Context for 'APU' is selected.
22:52:00 INFO  : Hardware design information is loaded from 'G:/ZLab2021/ZLab2021/lab14OLED/SPIRxTx.sdk/system_wrapper_hw_platform_0/system.hdf'.
22:52:00 INFO  : 'configparams force-mem-access 1' command is executed.
22:52:00 INFO  : Context for 'APU' is selected.
22:52:01 INFO  : 'stop' command is executed.
22:52:01 INFO  : 'ps7_init' command is executed.
22:52:01 INFO  : 'ps7_post_config' command is executed.
22:52:01 INFO  : Context for processor 'ps7_cortexa9_0' is selected.
22:52:01 INFO  : Processor reset is completed for 'ps7_cortexa9_0'.
22:52:01 INFO  : Context for processor 'ps7_cortexa9_0' is selected.
22:52:01 INFO  : The application 'G:/ZLab2021/ZLab2021/lab14OLED/SPIRxTx.sdk/dd/Debug/dd.elf' is downloaded to processor 'ps7_cortexa9_0'.
22:52:01 INFO  : 'configparams force-mem-access 0' command is executed.
22:52:01 INFO  : ----------------XSDB Script----------------
connect -url tcp:127.0.0.1:3121
source G:/ZLab2021/ZLab2021/lab14OLED/SPIRxTx.sdk/system_wrapper_hw_platform_0/ps7_init.tcl
targets -set -nocase -filter {name =~"APU*" && jtag_cable_name =~ "Digilent Zed 210248783271"} -index 0
loadhw -hw G:/ZLab2021/ZLab2021/lab14OLED/SPIRxTx.sdk/system_wrapper_hw_platform_0/system.hdf -mem-ranges [list {0x40000000 0xbfffffff}]
configparams force-mem-access 1
targets -set -nocase -filter {name =~"APU*" && jtag_cable_name =~ "Digilent Zed 210248783271"} -index 0
stop
ps7_init
ps7_post_config
targets -set -nocase -filter {name =~ "ARM*#0" && jtag_cable_name =~ "Digilent Zed 210248783271"} -index 0
rst -processor
targets -set -nocase -filter {name =~ "ARM*#0" && jtag_cable_name =~ "Digilent Zed 210248783271"} -index 0
dow G:/ZLab2021/ZLab2021/lab14OLED/SPIRxTx.sdk/dd/Debug/dd.elf
configparams force-mem-access 0
----------------End of Script----------------

22:52:01 INFO  : Context for processor 'ps7_cortexa9_0' is selected.
22:52:01 INFO  : 'con' command is executed.
22:52:01 INFO  : ----------------XSDB Script (After Launch)----------------
targets -set -nocase -filter {name =~ "ARM*#0" && jtag_cable_name =~ "Digilent Zed 210248783271"} -index 0
con
----------------End of Script----------------

22:52:01 INFO  : Disconnected from the channel tcfchan#8.
22:52:41 INFO  : 'targets -set -filter {jtag_cable_name =~ "Digilent Zed 210248783271" && level==0} -index 1' command is executed.
22:52:41 INFO  : 'fpga -state' command is executed.
22:52:41 INFO  : Connected to target on host '127.0.0.1' and port '3121'.
22:52:41 INFO  : Jtag cable 'Digilent Zed 210248783271' is selected.
22:52:41 INFO  : 'jtag frequency' command is executed.
22:52:41 INFO  : Sourcing of 'G:/ZLab2021/ZLab2021/lab14OLED/SPIRxTx.sdk/system_wrapper_hw_platform_0/ps7_init.tcl' is done.
22:52:41 INFO  : Context for 'APU' is selected.
22:52:41 INFO  : Hardware design information is loaded from 'G:/ZLab2021/ZLab2021/lab14OLED/SPIRxTx.sdk/system_wrapper_hw_platform_0/system.hdf'.
22:52:41 INFO  : 'configparams force-mem-access 1' command is executed.
22:52:41 INFO  : Context for 'APU' is selected.
22:52:41 INFO  : 'stop' command is executed.
22:52:42 INFO  : 'ps7_init' command is executed.
22:52:42 INFO  : 'ps7_post_config' command is executed.
22:52:42 INFO  : Context for processor 'ps7_cortexa9_0' is selected.
22:52:42 INFO  : Processor reset is completed for 'ps7_cortexa9_0'.
22:52:42 INFO  : Context for processor 'ps7_cortexa9_0' is selected.
22:52:42 INFO  : The application 'G:/ZLab2021/ZLab2021/lab14OLED/SPIRxTx.sdk/dd/Debug/dd.elf' is downloaded to processor 'ps7_cortexa9_0'.
22:52:42 INFO  : 'configparams force-mem-access 0' command is executed.
22:52:42 INFO  : ----------------XSDB Script----------------
connect -url tcp:127.0.0.1:3121
source G:/ZLab2021/ZLab2021/lab14OLED/SPIRxTx.sdk/system_wrapper_hw_platform_0/ps7_init.tcl
targets -set -nocase -filter {name =~"APU*" && jtag_cable_name =~ "Digilent Zed 210248783271"} -index 0
loadhw -hw G:/ZLab2021/ZLab2021/lab14OLED/SPIRxTx.sdk/system_wrapper_hw_platform_0/system.hdf -mem-ranges [list {0x40000000 0xbfffffff}]
configparams force-mem-access 1
targets -set -nocase -filter {name =~"APU*" && jtag_cable_name =~ "Digilent Zed 210248783271"} -index 0
stop
ps7_init
ps7_post_config
targets -set -nocase -filter {name =~ "ARM*#0" && jtag_cable_name =~ "Digilent Zed 210248783271"} -index 0
rst -processor
targets -set -nocase -filter {name =~ "ARM*#0" && jtag_cable_name =~ "Digilent Zed 210248783271"} -index 0
dow G:/ZLab2021/ZLab2021/lab14OLED/SPIRxTx.sdk/dd/Debug/dd.elf
configparams force-mem-access 0
----------------End of Script----------------

22:52:42 INFO  : Context for processor 'ps7_cortexa9_0' is selected.
22:52:42 INFO  : 'con' command is executed.
22:52:42 INFO  : ----------------XSDB Script (After Launch)----------------
targets -set -nocase -filter {name =~ "ARM*#0" && jtag_cable_name =~ "Digilent Zed 210248783271"} -index 0
con
----------------End of Script----------------

22:52:42 INFO  : Disconnected from the channel tcfchan#9.
16:28:38 INFO  : Registering command handlers for SDK TCF services
16:28:40 INFO  : Launching XSCT server: xsct.bat -interactive G:\ZLab2021\ZLab2021\lab14OLED\SPIRxTx.sdk\temp_xsdb_launch_script.tcl
16:28:44 INFO  : XSCT server has started successfully.
16:28:49 INFO  : Successfully done setting XSCT server connection channel  
16:28:49 INFO  : Processing command line option -hwspec G:/ZLab2021/ZLab2021/lab14OLED/SPIRxTx.sdk/system_wrapper.hdf.
16:28:57 INFO  : Successfully done setting SDK workspace  
16:28:57 INFO  : Checking for hwspec changes in the project system_wrapper_hw_platform_1.
16:29:29 INFO  : 'targets -set -filter {jtag_cable_name =~ "Digilent Zed 210248783271" && level==0} -index 1' command is executed.
16:29:29 INFO  : 'fpga -state' command is executed.
16:29:29 INFO  : Connected to target on host '127.0.0.1' and port '3121'.
16:29:30 INFO  : Jtag cable 'Digilent Zed 210248783271' is selected.
16:29:30 INFO  : 'jtag frequency' command is executed.
16:29:30 INFO  : Sourcing of 'G:/ZLab2021/ZLab2021/lab14OLED/SPIRxTx.sdk/system_wrapper_hw_platform_0/ps7_init.tcl' is done.
16:29:30 INFO  : Context for 'APU' is selected.
16:29:30 INFO  : Hardware design information is loaded from 'G:/ZLab2021/ZLab2021/lab14OLED/SPIRxTx.sdk/system_wrapper_hw_platform_0/system.hdf'.
16:29:30 INFO  : 'configparams force-mem-access 1' command is executed.
16:29:30 INFO  : Context for 'APU' is selected.
16:29:30 INFO  : 'stop' command is executed.
16:29:30 INFO  : 'ps7_init' command is executed.
16:29:30 INFO  : 'ps7_post_config' command is executed.
16:29:30 INFO  : Context for processor 'ps7_cortexa9_0' is selected.
16:29:30 INFO  : Processor reset is completed for 'ps7_cortexa9_0'.
16:29:30 INFO  : Context for processor 'ps7_cortexa9_0' is selected.
16:29:30 INFO  : The application 'G:/ZLab2021/ZLab2021/lab14OLED/SPIRxTx.sdk/dd/Debug/dd.elf' is downloaded to processor 'ps7_cortexa9_0'.
16:29:30 INFO  : 'configparams force-mem-access 0' command is executed.
16:29:30 INFO  : ----------------XSDB Script----------------
connect -url tcp:127.0.0.1:3121
source G:/ZLab2021/ZLab2021/lab14OLED/SPIRxTx.sdk/system_wrapper_hw_platform_0/ps7_init.tcl
targets -set -nocase -filter {name =~"APU*" && jtag_cable_name =~ "Digilent Zed 210248783271"} -index 0
loadhw -hw G:/ZLab2021/ZLab2021/lab14OLED/SPIRxTx.sdk/system_wrapper_hw_platform_0/system.hdf -mem-ranges [list {0x40000000 0xbfffffff}]
configparams force-mem-access 1
targets -set -nocase -filter {name =~"APU*" && jtag_cable_name =~ "Digilent Zed 210248783271"} -index 0
stop
ps7_init
ps7_post_config
targets -set -nocase -filter {name =~ "ARM*#0" && jtag_cable_name =~ "Digilent Zed 210248783271"} -index 0
rst -processor
targets -set -nocase -filter {name =~ "ARM*#0" && jtag_cable_name =~ "Digilent Zed 210248783271"} -index 0
dow G:/ZLab2021/ZLab2021/lab14OLED/SPIRxTx.sdk/dd/Debug/dd.elf
configparams force-mem-access 0
----------------End of Script----------------

16:29:30 INFO  : Context for processor 'ps7_cortexa9_0' is selected.
16:29:30 INFO  : 'con' command is executed.
16:29:30 INFO  : ----------------XSDB Script (After Launch)----------------
targets -set -nocase -filter {name =~ "ARM*#0" && jtag_cable_name =~ "Digilent Zed 210248783271"} -index 0
con
----------------End of Script----------------

16:29:30 INFO  : Disconnected from the channel tcfchan#1.
16:30:17 INFO  : 'targets -set -filter {jtag_cable_name =~ "Digilent Zed 210248783271" && level==0} -index 1' command is executed.
16:30:17 INFO  : 'fpga -state' command is executed.
16:30:17 INFO  : Connected to target on host '127.0.0.1' and port '3121'.
16:30:17 INFO  : Jtag cable 'Digilent Zed 210248783271' is selected.
16:30:17 INFO  : 'jtag frequency' command is executed.
16:30:17 INFO  : Sourcing of 'G:/ZLab2021/ZLab2021/lab14OLED/SPIRxTx.sdk/system_wrapper_hw_platform_0/ps7_init.tcl' is done.
16:30:17 INFO  : Context for 'APU' is selected.
16:30:19 INFO  : Hardware design information is loaded from 'G:/ZLab2021/ZLab2021/lab14OLED/SPIRxTx.sdk/system_wrapper_hw_platform_0/system.hdf'.
16:30:19 INFO  : 'configparams force-mem-access 1' command is executed.
16:30:19 INFO  : Context for 'APU' is selected.
16:30:19 INFO  : 'stop' command is executed.
16:30:19 INFO  : 'ps7_init' command is executed.
16:30:19 INFO  : 'ps7_post_config' command is executed.
16:30:20 INFO  : Context for processor 'ps7_cortexa9_0' is selected.
16:30:20 INFO  : Processor reset is completed for 'ps7_cortexa9_0'.
16:30:20 INFO  : Context for processor 'ps7_cortexa9_0' is selected.
16:30:20 INFO  : The application 'G:/ZLab2021/ZLab2021/lab14OLED/SPIRxTx.sdk/dd/Debug/dd.elf' is downloaded to processor 'ps7_cortexa9_0'.
16:30:20 INFO  : 'configparams force-mem-access 0' command is executed.
16:30:20 INFO  : ----------------XSDB Script----------------
connect -url tcp:127.0.0.1:3121
source G:/ZLab2021/ZLab2021/lab14OLED/SPIRxTx.sdk/system_wrapper_hw_platform_0/ps7_init.tcl
targets -set -nocase -filter {name =~"APU*" && jtag_cable_name =~ "Digilent Zed 210248783271"} -index 0
loadhw -hw G:/ZLab2021/ZLab2021/lab14OLED/SPIRxTx.sdk/system_wrapper_hw_platform_0/system.hdf -mem-ranges [list {0x40000000 0xbfffffff}]
configparams force-mem-access 1
targets -set -nocase -filter {name =~"APU*" && jtag_cable_name =~ "Digilent Zed 210248783271"} -index 0
stop
ps7_init
ps7_post_config
targets -set -nocase -filter {name =~ "ARM*#0" && jtag_cable_name =~ "Digilent Zed 210248783271"} -index 0
rst -processor
targets -set -nocase -filter {name =~ "ARM*#0" && jtag_cable_name =~ "Digilent Zed 210248783271"} -index 0
dow G:/ZLab2021/ZLab2021/lab14OLED/SPIRxTx.sdk/dd/Debug/dd.elf
configparams force-mem-access 0
----------------End of Script----------------

16:30:20 INFO  : Context for processor 'ps7_cortexa9_0' is selected.
16:30:20 INFO  : 'con' command is executed.
16:30:20 INFO  : ----------------XSDB Script (After Launch)----------------
targets -set -nocase -filter {name =~ "ARM*#0" && jtag_cable_name =~ "Digilent Zed 210248783271"} -index 0
con
----------------End of Script----------------

16:30:20 INFO  : Disconnected from the channel tcfchan#2.
16:31:17 INFO  : 'targets -set -filter {jtag_cable_name =~ "Digilent Zed 210248783271" && level==0} -index 1' command is executed.
16:31:17 INFO  : 'fpga -state' command is executed.
16:31:17 INFO  : Connected to target on host '127.0.0.1' and port '3121'.
16:31:17 INFO  : Jtag cable 'Digilent Zed 210248783271' is selected.
16:31:17 INFO  : 'jtag frequency' command is executed.
16:31:17 INFO  : Sourcing of 'G:/ZLab2021/ZLab2021/lab14OLED/SPIRxTx.sdk/system_wrapper_hw_platform_0/ps7_init.tcl' is done.
16:31:17 INFO  : Context for 'APU' is selected.
16:31:17 INFO  : Hardware design information is loaded from 'G:/ZLab2021/ZLab2021/lab14OLED/SPIRxTx.sdk/system_wrapper_hw_platform_0/system.hdf'.
16:31:17 INFO  : 'configparams force-mem-access 1' command is executed.
16:31:17 INFO  : Context for 'APU' is selected.
16:31:17 INFO  : 'stop' command is executed.
16:31:17 INFO  : 'ps7_init' command is executed.
16:31:17 INFO  : 'ps7_post_config' command is executed.
16:31:17 INFO  : Context for processor 'ps7_cortexa9_0' is selected.
16:31:17 INFO  : Processor reset is completed for 'ps7_cortexa9_0'.
16:31:17 INFO  : Context for processor 'ps7_cortexa9_0' is selected.
16:31:18 INFO  : The application 'G:/ZLab2021/ZLab2021/lab14OLED/SPIRxTx.sdk/dd/Debug/dd.elf' is downloaded to processor 'ps7_cortexa9_0'.
16:31:18 INFO  : 'configparams force-mem-access 0' command is executed.
16:31:18 INFO  : ----------------XSDB Script----------------
connect -url tcp:127.0.0.1:3121
source G:/ZLab2021/ZLab2021/lab14OLED/SPIRxTx.sdk/system_wrapper_hw_platform_0/ps7_init.tcl
targets -set -nocase -filter {name =~"APU*" && jtag_cable_name =~ "Digilent Zed 210248783271"} -index 0
loadhw -hw G:/ZLab2021/ZLab2021/lab14OLED/SPIRxTx.sdk/system_wrapper_hw_platform_0/system.hdf -mem-ranges [list {0x40000000 0xbfffffff}]
configparams force-mem-access 1
targets -set -nocase -filter {name =~"APU*" && jtag_cable_name =~ "Digilent Zed 210248783271"} -index 0
stop
ps7_init
ps7_post_config
targets -set -nocase -filter {name =~ "ARM*#0" && jtag_cable_name =~ "Digilent Zed 210248783271"} -index 0
rst -processor
targets -set -nocase -filter {name =~ "ARM*#0" && jtag_cable_name =~ "Digilent Zed 210248783271"} -index 0
dow G:/ZLab2021/ZLab2021/lab14OLED/SPIRxTx.sdk/dd/Debug/dd.elf
configparams force-mem-access 0
----------------End of Script----------------

16:31:18 INFO  : Context for processor 'ps7_cortexa9_0' is selected.
16:31:18 INFO  : 'con' command is executed.
16:31:18 INFO  : ----------------XSDB Script (After Launch)----------------
targets -set -nocase -filter {name =~ "ARM*#0" && jtag_cable_name =~ "Digilent Zed 210248783271"} -index 0
con
----------------End of Script----------------

16:31:18 INFO  : Disconnected from the channel tcfchan#3.
16:31:34 INFO  : 'targets -set -filter {jtag_cable_name =~ "Digilent Zed 210248783271" && level==0} -index 1' command is executed.
16:31:34 INFO  : 'fpga -state' command is executed.
16:31:34 INFO  : Connected to target on host '127.0.0.1' and port '3121'.
16:31:34 INFO  : Jtag cable 'Digilent Zed 210248783271' is selected.
16:31:34 INFO  : 'jtag frequency' command is executed.
16:31:34 INFO  : Sourcing of 'G:/ZLab2021/ZLab2021/lab14OLED/SPIRxTx.sdk/system_wrapper_hw_platform_0/ps7_init.tcl' is done.
16:31:34 INFO  : Context for 'APU' is selected.
16:31:34 INFO  : Hardware design information is loaded from 'G:/ZLab2021/ZLab2021/lab14OLED/SPIRxTx.sdk/system_wrapper_hw_platform_0/system.hdf'.
16:31:34 INFO  : 'configparams force-mem-access 1' command is executed.
16:31:34 INFO  : Context for 'APU' is selected.
16:31:34 INFO  : 'stop' command is executed.
16:31:35 INFO  : 'ps7_init' command is executed.
16:31:35 INFO  : 'ps7_post_config' command is executed.
16:31:35 INFO  : Context for processor 'ps7_cortexa9_0' is selected.
16:31:35 INFO  : Processor reset is completed for 'ps7_cortexa9_0'.
16:31:35 INFO  : Context for processor 'ps7_cortexa9_0' is selected.
16:31:35 INFO  : The application 'G:/ZLab2021/ZLab2021/lab14OLED/SPIRxTx.sdk/dd/Debug/dd.elf' is downloaded to processor 'ps7_cortexa9_0'.
16:31:35 INFO  : 'configparams force-mem-access 0' command is executed.
16:31:35 INFO  : ----------------XSDB Script----------------
connect -url tcp:127.0.0.1:3121
source G:/ZLab2021/ZLab2021/lab14OLED/SPIRxTx.sdk/system_wrapper_hw_platform_0/ps7_init.tcl
targets -set -nocase -filter {name =~"APU*" && jtag_cable_name =~ "Digilent Zed 210248783271"} -index 0
loadhw -hw G:/ZLab2021/ZLab2021/lab14OLED/SPIRxTx.sdk/system_wrapper_hw_platform_0/system.hdf -mem-ranges [list {0x40000000 0xbfffffff}]
configparams force-mem-access 1
targets -set -nocase -filter {name =~"APU*" && jtag_cable_name =~ "Digilent Zed 210248783271"} -index 0
stop
ps7_init
ps7_post_config
targets -set -nocase -filter {name =~ "ARM*#0" && jtag_cable_name =~ "Digilent Zed 210248783271"} -index 0
rst -processor
targets -set -nocase -filter {name =~ "ARM*#0" && jtag_cable_name =~ "Digilent Zed 210248783271"} -index 0
dow G:/ZLab2021/ZLab2021/lab14OLED/SPIRxTx.sdk/dd/Debug/dd.elf
configparams force-mem-access 0
----------------End of Script----------------

16:31:35 INFO  : Context for processor 'ps7_cortexa9_0' is selected.
16:31:35 INFO  : 'con' command is executed.
16:31:35 INFO  : ----------------XSDB Script (After Launch)----------------
targets -set -nocase -filter {name =~ "ARM*#0" && jtag_cable_name =~ "Digilent Zed 210248783271"} -index 0
con
----------------End of Script----------------

16:31:35 INFO  : Disconnected from the channel tcfchan#4.
16:32:04 INFO  : 'targets -set -filter {jtag_cable_name =~ "Digilent Zed 210248783271" && level==0} -index 1' command is executed.
16:32:04 INFO  : 'fpga -state' command is executed.
16:32:05 INFO  : Connected to target on host '127.0.0.1' and port '3121'.
16:32:05 INFO  : Jtag cable 'Digilent Zed 210248783271' is selected.
16:32:05 INFO  : 'jtag frequency' command is executed.
16:32:05 INFO  : Sourcing of 'G:/ZLab2021/ZLab2021/lab14OLED/SPIRxTx.sdk/system_wrapper_hw_platform_0/ps7_init.tcl' is done.
16:32:05 INFO  : Context for 'APU' is selected.
16:32:05 INFO  : Hardware design information is loaded from 'G:/ZLab2021/ZLab2021/lab14OLED/SPIRxTx.sdk/system_wrapper_hw_platform_0/system.hdf'.
16:32:05 INFO  : 'configparams force-mem-access 1' command is executed.
16:32:05 INFO  : Context for 'APU' is selected.
16:32:05 INFO  : 'stop' command is executed.
16:32:05 INFO  : 'ps7_init' command is executed.
16:32:05 INFO  : 'ps7_post_config' command is executed.
16:32:05 INFO  : Context for processor 'ps7_cortexa9_0' is selected.
16:32:05 INFO  : Processor reset is completed for 'ps7_cortexa9_0'.
16:32:05 INFO  : Context for processor 'ps7_cortexa9_0' is selected.
16:32:05 INFO  : The application 'G:/ZLab2021/ZLab2021/lab14OLED/SPIRxTx.sdk/dd/Debug/dd.elf' is downloaded to processor 'ps7_cortexa9_0'.
16:32:05 INFO  : 'configparams force-mem-access 0' command is executed.
16:32:05 INFO  : ----------------XSDB Script----------------
connect -url tcp:127.0.0.1:3121
source G:/ZLab2021/ZLab2021/lab14OLED/SPIRxTx.sdk/system_wrapper_hw_platform_0/ps7_init.tcl
targets -set -nocase -filter {name =~"APU*" && jtag_cable_name =~ "Digilent Zed 210248783271"} -index 0
loadhw -hw G:/ZLab2021/ZLab2021/lab14OLED/SPIRxTx.sdk/system_wrapper_hw_platform_0/system.hdf -mem-ranges [list {0x40000000 0xbfffffff}]
configparams force-mem-access 1
targets -set -nocase -filter {name =~"APU*" && jtag_cable_name =~ "Digilent Zed 210248783271"} -index 0
stop
ps7_init
ps7_post_config
targets -set -nocase -filter {name =~ "ARM*#0" && jtag_cable_name =~ "Digilent Zed 210248783271"} -index 0
rst -processor
targets -set -nocase -filter {name =~ "ARM*#0" && jtag_cable_name =~ "Digilent Zed 210248783271"} -index 0
dow G:/ZLab2021/ZLab2021/lab14OLED/SPIRxTx.sdk/dd/Debug/dd.elf
configparams force-mem-access 0
----------------End of Script----------------

16:32:05 INFO  : Context for processor 'ps7_cortexa9_0' is selected.
16:32:05 INFO  : 'con' command is executed.
16:32:05 INFO  : ----------------XSDB Script (After Launch)----------------
targets -set -nocase -filter {name =~ "ARM*#0" && jtag_cable_name =~ "Digilent Zed 210248783271"} -index 0
con
----------------End of Script----------------

16:32:05 INFO  : Disconnected from the channel tcfchan#5.
16:48:27 INFO  : Registering command handlers for SDK TCF services
16:48:28 INFO  : Launching XSCT server: xsct.bat -interactive G:\ZLab2021\ZLab2021\lab14OLED\SPIRxTx.sdk\temp_xsdb_launch_script.tcl
16:48:30 INFO  : XSCT server has started successfully.
16:48:30 INFO  : Successfully done setting XSCT server connection channel  
16:48:30 INFO  : Successfully done setting SDK workspace  
16:48:30 INFO  : Processing command line option -hwspec G:/ZLab2021/ZLab2021/lab14OLED/SPIRxTx.sdk/system_wrapper.hdf.
16:48:30 INFO  : Checking for hwspec changes in the project system_wrapper_hw_platform_1.
