#-----------------------------------------------------------
# Vivado v2018.2 (64-bit)
# SW Build 2258646 on Thu Jun 14 20:03:12 MDT 2018
# IP Build 2256618 on Thu Jun 14 22:10:49 MDT 2018
# Start of session at: Mon May 10 22:18:51 2021
# Process ID: 3492
# Current directory: G:/ZLab2021/ZLab2021/lab14OLED
# Command line: vivado.exe -gui_launcher_event rodinguilauncherevent5240 G:\ZLab2021\ZLab2021\lab14OLED\SPIRxTx.xpr
# Log file: G:/ZLab2021/ZLab2021/lab14OLED/vivado.log
# Journal file: G:/ZLab2021/ZLab2021/lab14OLED\vivado.jou
#-----------------------------------------------------------
start_gui
open_project G:/ZLab2021/ZLab2021/lab14OLED/SPIRxTx.xpr
Scanning sources...
Finished scanning sources
INFO: [IP_Flow 19-234] Refreshing IP repositories
INFO: [IP_Flow 19-1700] Loaded user IP repository 'g:/ZLab2021/ZLab2021/lab14OLED/myip'.
INFO: [IP_Flow 19-2313] Loaded Vivado IP repository 'D:/Xilinx/Vivado/2018.2/data/ip'.
open_project: Time (s): cpu = 00:00:18 ; elapsed = 00:00:10 . Memory (MB): peak = 961.328 ; gain = 209.605
update_compile_order -fileset sources_1
update_ip_catalog -rebuild
INFO: [IP_Flow 19-234] Refreshing IP repositories
INFO: [IP_Flow 19-1700] Loaded user IP repository 'g:/ZLab2021/ZLab2021/lab14OLED/myip'.
update_ip_catalog
update_ip_catalog -rebuild
INFO: [IP_Flow 19-234] Refreshing IP repositories
INFO: [IP_Flow 19-1700] Loaded user IP repository 'g:/ZLab2021/ZLab2021/lab14OLED/myip'.
update_ip_catalog -rebuild
INFO: [IP_Flow 19-234] Refreshing IP repositories
INFO: [IP_Flow 19-1700] Loaded user IP repository 'g:/ZLab2021/ZLab2021/lab14OLED/myip'.
set_property  ip_repo_paths  {g:/ZLab2021/ZLab2021/lab14OLED/myip G:/ZLab2021/lab14OLED/myip} [current_project]
update_ip_catalog
INFO: [IP_Flow 19-234] Refreshing IP repositories
INFO: [IP_Flow 19-1700] Loaded user IP repository 'g:/ZLab2021/ZLab2021/lab14OLED/myip'.
INFO: [IP_Flow 19-1700] Loaded user IP repository 'g:/ZLab2021/lab14OLED/myip'.
CRITICAL WARNING: [IP_Flow 19-1663] Duplicate IP found for 'xilinx.com:user:myI2SSlave:1.0'. The one found in IP location 'g:/ZLab2021/ZLab2021/lab14OLED/myip/myI2SSlave_1.0' will take precedence over the same IP in location g:/ZLab2021/lab14OLED/myip/myI2SSlave_1.0
CRITICAL WARNING: [IP_Flow 19-1663] Duplicate IP found for 'xilinx.com:user:mySPIRxTx:1.0'. The one found in IP location 'g:/ZLab2021/ZLab2021/lab14OLED/myip/mySPIRxTx_1.0' will take precedence over the same IP in location g:/ZLab2021/lab14OLED/myip/mySPIRxTx_1.0
CRITICAL WARNING: [IP_Flow 19-1663] Duplicate IP found for 'xilinx.com:user:myPrescaler:1.0'. The one found in IP location 'g:/ZLab2021/ZLab2021/lab14OLED/myip/sources_1/new' will take precedence over the same IP in location g:/ZLab2021/lab14OLED/myip/sources_1/new
CRITICAL WARNING: [IP_Flow 19-1663] Duplicate IP found for 'xilinx.com:user:myI2STx:1.0'. The one found in IP location 'g:/ZLab2021/ZLab2021/lab14OLED/myip/»õ Æú´õ/myI2STx_1.0' will take precedence over the same IP in location g:/ZLab2021/lab14OLED/myip/myI2STx_1.0
set_property  ip_repo_paths  g:/ZLab2021/ZLab2021/lab14OLED/myip [current_project]
update_ip_catalog
INFO: [IP_Flow 19-234] Refreshing IP repositories
INFO: [IP_Flow 19-1700] Loaded user IP repository 'g:/ZLab2021/ZLab2021/lab14OLED/myip'.
exit
INFO: [Common 17-206] Exiting Vivado at Mon May 10 22:20:49 2021...
