#-----------------------------------------------------------
# Vivado v2018.2 (64-bit)
# SW Build 2258646 on Thu Jun 14 20:03:12 MDT 2018
# IP Build 2256618 on Thu Jun 14 22:10:49 MDT 2018
# Start of session at: Mon May 10 22:07:34 2021
# Process ID: 10972
# Current directory: G:/ZLab2021/ZLab2021/lab14OLED
# Command line: vivado.exe -gui_launcher_event rodinguilauncherevent14828 G:\ZLab2021\ZLab2021\lab14OLED\SPIRxTx.xpr
# Log file: G:/ZLab2021/ZLab2021/lab14OLED/vivado.log
# Journal file: G:/ZLab2021/ZLab2021/lab14OLED\vivado.jou
#-----------------------------------------------------------
start_gui
open_project G:/ZLab2021/ZLab2021/lab14OLED/SPIRxTx.xpr
Scanning sources...
Finished scanning sources
INFO: [IP_Flow 19-234] Refreshing IP repositories
INFO: [IP_Flow 19-1700] Loaded user IP repository 'g:/ZLab2021/ZLab2021/lab14OLED/myip'.
INFO: [IP_Flow 19-2313] Loaded Vivado IP repository 'D:/Xilinx/Vivado/2018.2/data/ip'.
open_project: Time (s): cpu = 00:00:17 ; elapsed = 00:00:09 . Memory (MB): peak = 971.805 ; gain = 171.586
update_compile_order -fileset sources_1
open_bd_design {G:/ZLab2021/ZLab2021/lab14OLED/SPIRxTx.srcs/sources_1/bd/system/system.bd}
Adding cell -- xilinx.com:ip:processing_system7:5.5 - processing_system7_0
Adding cell -- xilinx.com:ip:axi_fifo_mm_s:4.1 - axi_fifo_mm_s_0
Adding cell -- xilinx.com:ip:proc_sys_reset:5.0 - rst_ps7_0_100M
Adding cell -- xilinx.com:user:mySPIRxTx:1.0 - mySPIRxTx_0
Adding cell -- xilinx.com:user:myPrescaler:1.0 - myPrescaler_0
Adding cell -- xilinx.com:ip:axi_dma:7.1 - axi_dma_0
Adding cell -- xilinx.com:ip:smartconnect:1.0 - axi_smc
Adding cell -- xilinx.com:user:myI2SSlave:1.0 - myI2SSlave_0
Adding cell -- xilinx.com:ip:axi_gpio:2.0 - axi_gpio_0
Adding cell -- xilinx.com:ip:xlconcat:2.1 - xlconcat_0
Adding cell -- xilinx.com:ip:axi_timer:2.0 - axi_timer_0
Adding cell -- xilinx.com:user:mySPIRxTx:1.0 - mySPIRxTx_1
Adding cell -- xilinx.com:ip:axi_fifo_mm_s:4.1 - axi_fifo_mm_s_1
Adding cell -- xilinx.com:ip:xlconstant:1.1 - xlconstant_0
Adding cell -- xilinx.com:ip:axi_gpio:2.0 - axi_gpio_1
Adding cell -- xilinx.com:ip:xlslice:1.0 - xlslice_0
Adding cell -- xilinx.com:ip:xlslice:1.0 - xlslice_1
Adding cell -- xilinx.com:ip:xlslice:1.0 - xlslice_2
Adding cell -- xilinx.com:ip:xlslice:1.0 - xlslice_3
Adding cell -- xilinx.com:ip:axi_crossbar:2.1 - xbar
Adding cell -- xilinx.com:ip:axi_protocol_converter:2.1 - auto_pc
Successfully read diagram <system> from BD file <G:/ZLab2021/ZLab2021/lab14OLED/SPIRxTx.srcs/sources_1/bd/system/system.bd>
open_bd_design: Time (s): cpu = 00:00:07 ; elapsed = 00:00:06 . Memory (MB): peak = 1106.891 ; gain = 75.594
exit
INFO: [Common 17-206] Exiting Vivado at Mon May 10 22:09:33 2021...
